2026-03-22 14:17:23,217 - TechniqueMaker - INFO - Scanning for USRP devices...
2026-03-22 14:17:23,218 - TechniqueMaker - ERROR - Scan failed: module 'gnuradio.uhd.uhd_python' has no attribute 'find_devices_raw'
2026-03-23 14:00:14,709 - TechniqueMaker - INFO - Scanning for USRP devices...
2026-03-23 14:00:14,709 - TechniqueMaker - ERROR - Scan failed: module 'gnuradio.uhd.uhd_python' has no attribute 'find_devices_raw'
2026-03-23 14:00:35,379 - TechniqueMaker - INFO - Scanning for USRP devices...
2026-03-23 14:00:35,380 - TechniqueMaker - ERROR - Scan failed: module 'gnuradio.uhd.uhd_python' has no attribute 'find_devices_raw'
2026-03-23 14:01:06,120 - TechniqueMaker - INFO - Scanning for USRP devices...
2026-03-23 14:01:06,121 - TechniqueMaker - ERROR - Scan failed: module 'gnuradio.uhd.uhd_python' has no attribute 'find_devices_raw'
2026-03-23 14:01:16,899 - TechniqueMaker - INFO - Connecting to USRP 34D6461...
2026-03-23 14:01:29,137 - TechniqueMaker - ERROR - Hardware connection failed: top_block::start: top block already running or wait() not called after previous stop()
2026-03-23 14:01:29,137 - TechniqueMaker - INFO - Disconnecting hardware...
2026-03-23 14:01:38,321 - TechniqueMaker - INFO - Connecting to USRP 34D6461...
2026-03-23 14:07:31,743 - TechniqueMaker - INFO - Restarting Flowgraph...
2026-03-23 14:15:10,090 - TechniqueMaker - INFO - Restarting Flowgraph...
2026-03-23 14:31:54,413 - TechniqueMaker - INFO - Connecting to USRP 34D6461...
2026-03-23 14:31:57,620 - TechniqueMaker - ERROR - Hardware connection failed: top_block::start: top block already running or wait() not called after previous stop()
2026-03-23 14:31:57,620 - TechniqueMaker - INFO - Disconnecting hardware...
2026-03-23 14:32:19,700 - TechniqueMaker - INFO - Connecting to USRP 34D6461...
2026-03-23 14:37:27,057 - TechniqueMaker - INFO - Restarting Flowgraph...
2026-03-23 15:53:47,649 - TechniqueMaker - INFO - Scanning for USRP devices...
2026-03-23 15:53:47,649 - TechniqueMaker - ERROR - Scan failed: module 'gnuradio.uhd.uhd_python' has no attribute 'find_devices_raw'
2026-03-23 15:54:30,169 - TechniqueMaker - INFO - Connecting to USRP 34573DD...
2026-03-23 15:54:45,446 - TechniqueMaker - ERROR - Hardware connection failed: top_block::start: top block already running or wait() not called after previous stop()
2026-03-23 15:54:45,446 - TechniqueMaker - INFO - Disconnecting hardware...
2026-03-23 15:54:57,900 - TechniqueMaker - INFO - Connecting to USRP 34573DD...
2026-03-23 15:55:06,672 - TechniqueMaker - INFO - Restarting Flowgraph...
2026-03-23 15:56:16,140 - TechniqueMaker - INFO - Restarting Flowgraph...
2026-03-23 15:57:31,804 - TechniqueMaker - INFO - Restarting Flowgraph...
2026-03-23 15:59:08,257 - TechniqueMaker - INFO - Restarting Flowgraph...
2026-03-23 15:59:20,929 - TechniqueMaker - INFO - Restarting Flowgraph...
2026-03-23 16:06:40,797 - TechniqueMaker - INFO - Connecting to USRP 34573DD...
2026-03-23 16:06:43,797 - TechniqueMaker - ERROR - Hardware connection failed: top_block::start: top block already running or wait() not called after previous stop()
2026-03-23 16:06:43,797 - TechniqueMaker - INFO - Disconnecting hardware...
2026-03-23 16:06:59,089 - TechniqueMaker - INFO - Connecting to USRP 34573DD...
2026-03-23 16:07:04,548 - TechniqueMaker - INFO - Scanning for USRP devices...
2026-03-23 16:07:04,549 - TechniqueMaker - ERROR - Scan failed: module 'gnuradio.uhd.uhd_python' has no attribute 'find_devices_raw'
2026-03-24 10:43:28,739 - TechniqueMaker - INFO - Scanning for USRP devices...
2026-03-24 10:43:28,744 - TechniqueMaker - ERROR - Scan failed: module 'gnuradio.uhd.uhd_python' has no attribute 'find_devices_raw'
2026-03-24 10:50:07,689 - TechniqueMaker - INFO - Scanning for USRP devices...
2026-03-24 10:50:07,690 - TechniqueMaker - ERROR - Scan failed: module 'gnuradio.uhd.uhd_python' has no attribute 'find_devices_raw'
2026-03-24 10:50:30,776 - TechniqueMaker - INFO - Scanning for USRP devices...
2026-03-24 10:50:30,776 - TechniqueMaker - ERROR - Scan failed: module 'gnuradio.uhd.uhd_python' has no attribute 'find_devices_raw'
